<?xml version="1.0" encoding="UTF-8"?>
<testsuites>
  <testsuite name="fastlane.lanes">
    
    
    
      
      <testcase classname="fastlane.lanes" name="0: default_platform" time="0.000317552">
        
      </testcase>
    
      
      <testcase classname="fastlane.lanes" name="1: test" time="48.282328369">
        
          <failure message="/home/linuxbrew/.linuxbrew/Cellar/fastlane/2.220.0/libexec/gems/fastlane-2.220.0/fastlane/lib/fastlane/actions/actions_helper.rb:67:in `execute_action&apos;&#10;/home/linuxbrew/.linuxbrew/Cellar/fastlane/2.220.0/libexec/gems/fastlane-2.220.0/fastlane/lib/fastlane/runner.rb:255:in `block in execute_action&apos;&#10;/home/linuxbrew/.linuxbrew/Cellar/fastlane/2.220.0/libexec/gems/fastlane-2.220.0/fastlane/lib/fastlane/runner.rb:229:in `chdir&apos;&#10;/home/linuxbrew/.linuxbrew/Cellar/fastlane/2.220.0/libexec/gems/fastlane-2.220.0/fastlane/lib/fastlane/runner.rb:229:in `execute_action&apos;&#10;/home/linuxbrew/.linuxbrew/Cellar/fastlane/2.220.0/libexec/gems/fastlane-2.220.0/fastlane/lib/fastlane/runner.rb:157:in `trigger_action_by_name&apos;&#10;/home/linuxbrew/.linuxbrew/Cellar/fastlane/2.220.0/libexec/gems/fastlane-2.220.0/fastlane/lib/fastlane/fast_file.rb:159:in `method_missing&apos;&#10;Fastfile:23:in `block (2 levels) in parsing_binding&apos;&#10;/home/linuxbrew/.linuxbrew/Cellar/fastlane/2.220.0/libexec/gems/fastlane-2.220.0/fastlane/lib/fastlane/lane.rb:41:in `call&apos;&#10;/home/linuxbrew/.linuxbrew/Cellar/fastlane/2.220.0/libexec/gems/fastlane-2.220.0/fastlane/lib/fastlane/runner.rb:49:in `block in execute&apos;&#10;/home/linuxbrew/.linuxbrew/Cellar/fastlane/2.220.0/libexec/gems/fastlane-2.220.0/fastlane/lib/fastlane/runner.rb:45:in `chdir&apos;&#10;/home/linuxbrew/.linuxbrew/Cellar/fastlane/2.220.0/libexec/gems/fastlane-2.220.0/fastlane/lib/fastlane/runner.rb:45:in `execute&apos;&#10;/home/linuxbrew/.linuxbrew/Cellar/fastlane/2.220.0/libexec/gems/fastlane-2.220.0/fastlane/lib/fastlane/lane_manager.rb:46:in `cruise_lane&apos;&#10;/home/linuxbrew/.linuxbrew/Cellar/fastlane/2.220.0/libexec/gems/fastlane-2.220.0/fastlane/lib/fastlane/command_line_handler.rb:34:in `handle&apos;&#10;/home/linuxbrew/.linuxbrew/Cellar/fastlane/2.220.0/libexec/gems/fastlane-2.220.0/fastlane/lib/fastlane/commands_generator.rb:110:in `block (2 levels) in run&apos;&#10;/home/linuxbrew/.linuxbrew/Cellar/fastlane/2.220.0/libexec/gems/commander-4.6.0/lib/commander/command.rb:187:in `call&apos;&#10;/home/linuxbrew/.linuxbrew/Cellar/fastlane/2.220.0/libexec/gems/commander-4.6.0/lib/commander/command.rb:157:in `run&apos;&#10;/home/linuxbrew/.linuxbrew/Cellar/fastlane/2.220.0/libexec/gems/commander-4.6.0/lib/commander/runner.rb:444:in `run_active_command&apos;&#10;/home/linuxbrew/.linuxbrew/Cellar/fastlane/2.220.0/libexec/gems/fastlane-2.220.0/fastlane_core/lib/fastlane_core/ui/fastlane_runner.rb:124:in `run!&apos;&#10;/home/linuxbrew/.linuxbrew/Cellar/fastlane/2.220.0/libexec/gems/commander-4.6.0/lib/commander/delegates.rb:18:in `run!&apos;&#10;/home/linuxbrew/.linuxbrew/Cellar/fastlane/2.220.0/libexec/gems/fastlane-2.220.0/fastlane/lib/fastlane/commands_generator.rb:363:in `run&apos;&#10;/home/linuxbrew/.linuxbrew/Cellar/fastlane/2.220.0/libexec/gems/fastlane-2.220.0/fastlane/lib/fastlane/commands_generator.rb:43:in `start&apos;&#10;/home/linuxbrew/.linuxbrew/Cellar/fastlane/2.220.0/libexec/gems/fastlane-2.220.0/fastlane/lib/fastlane/cli_tools_distributor.rb:123:in `take_off&apos;&#10;/home/linuxbrew/.linuxbrew/Cellar/fastlane/2.220.0/libexec/gems/fastlane-2.220.0/bin/fastlane:23:in `&lt;top (required)&gt;&apos;&#10;/home/linuxbrew/.linuxbrew/Cellar/fastlane/2.220.0/libexec/bin/fastlane:25:in `load&apos;&#10;/home/linuxbrew/.linuxbrew/Cellar/fastlane/2.220.0/libexec/bin/fastlane:25:in `&lt;main&gt;&apos;&#10;&#10;Exit status of command &apos;/home/nikola/personal/extractor/gradlew test -p .&apos; was 1 instead of 0.&#10;Starting a Gradle Daemon, 1 incompatible Daemon could not be reused, use --status for details&#10;&gt; Task :app:preBuild UP-TO-DATE&#10;&gt; Task :app:preDebugBuild UP-TO-DATE&#10;&gt; Task :app:generateDebugBuildConfig&#10;&gt; Task :app:checkDebugAarMetadata UP-TO-DATE&#10;&gt; Task :app:generateDebugResValues UP-TO-DATE&#10;&gt; Task :app:mapDebugSourceSetPaths UP-TO-DATE&#10;&gt; Task :app:generateDebugResources UP-TO-DATE&#10;&gt; Task :app:mergeDebugResources UP-TO-DATE&#10;&gt; Task :app:packageDebugResources UP-TO-DATE&#10;&gt; Task :app:parseDebugLocalResources UP-TO-DATE&#10;&gt; Task :app:createDebugCompatibleScreenManifests&#10;&gt; Task :app:extractDeepLinksDebug UP-TO-DATE&#10;&gt; Task :app:processDebugMainManifest&#10;&gt; Task :app:processDebugManifest&#10;&gt; Task :app:javaPreCompileDebug UP-TO-DATE&#10;&gt; Task :app:preDebugUnitTestBuild UP-TO-DATE&#10;&gt; Task :app:javaPreCompileDebugUnitTest UP-TO-DATE&#10;&gt; Task :app:buildKotlinToolingMetadata&#10;&gt; Task :app:preReleaseBuild UP-TO-DATE&#10;&gt; Task :app:generateReleaseBuildConfig&#10;&gt; Task :app:generateReleaseResValues&#10;&gt; Task :app:mapReleaseSourceSetPaths&#10;&gt; Task :app:generateReleaseResources&#10;&gt; Task :app:checkReleaseAarMetadata&#10;&gt; Task :app:packageReleaseResources&#10;&gt; Task :app:processDebugManifestForPackage&#10;&gt; Task :app:mergeReleaseResources&#10;&gt; Task :app:parseReleaseLocalResources&#10;&gt; Task :app:createReleaseCompatibleScreenManifests&#10;&gt; Task :app:extractDeepLinksRelease&#10;&gt; Task :app:processReleaseMainManifest&#10;&gt; Task :app:processReleaseManifest&#10;&gt; Task :app:preReleaseUnitTestBuild UP-TO-DATE&#10;&gt; Task :app:processReleaseManifestForPackage&#10;&gt; Task :app:javaPreCompileReleaseUnitTest&#10;&gt; Task :app:javaPreCompileRelease&#10;&gt; Task :app:processDebugResources&#10;&gt; Task :app:processReleaseResources&#10;&#10;&gt; Task :app:kspDebugKotlin&#10;w: [ksp] /home/nikola/personal/extractor/app/src/main/java/com/drbrosdev/extractor/data/ExtractorDatabase.kt:44: Schema export directory is not provided to the annotation processor so we cannot export the schema. You can either provide `room.schemaLocation` annotation processor argument OR set exportSchema to false.&#10;w: [ksp] /home/nikola/personal/extractor/app/src/main/java/com/drbrosdev/extractor/framework/logger/EventLogDatabase.kt:35: Schema export directory is not provided to the annotation processor so we cannot export the schema. You can either provide `room.schemaLocation` annotation processor argument OR set exportSchema to false.&#10;&#10;&gt; Task :app:kspReleaseKotlin&#10;w: [ksp] /home/nikola/personal/extractor/app/src/main/java/com/drbrosdev/extractor/data/ExtractorDatabase.kt:44: Schema export directory is not provided to the annotation processor so we cannot export the schema. You can either provide `room.schemaLocation` annotation processor argument OR set exportSchema to false.&#10;w: [ksp] /home/nikola/personal/extractor/app/src/main/java/com/drbrosdev/extractor/framework/logger/EventLogDatabase.kt:35: Schema export directory is not provided to the annotation processor so we cannot export the schema. You can either provide `room.schemaLocation` annotation processor argument OR set exportSchema to false.&#10;&#10;&gt; Task :app:compileReleaseKotlin FAILED&#10;e: file:///home/nikola/personal/extractor/app/src/main/java/com/drbrosdev/extractor/framework/mediastore/DefaultMediaStoreImageRepository.kt:14:37 Unresolved reference: CONCURRENCY&#10;e: file:///home/nikola/personal/extractor/app/src/main/java/com/drbrosdev/extractor/framework/mediastore/DefaultMediaStoreImageRepository.kt:74:42 Unresolved reference: CONCURRENCY&#10;&#10;&gt; Task :app:compileDebugKotlin FAILED&#10;e: file:///home/nikola/personal/extractor/app/src/main/java/com/drbrosdev/extractor/framework/mediastore/DefaultMediaStoreImageRepository.kt:14:37 Unresolved reference: CONCURRENCY&#10;e: file:///home/nikola/personal/extractor/app/src/main/java/com/drbrosdev/extractor/framework/mediastore/DefaultMediaStoreImageRepository.kt:74:42 Unresolved reference: CONCURRENCY&#10;&#10;FAILURE: Build completed with 2 failures.&#10;&#10;1: Task failed with an exception.&#10;-----------&#10;* What went wrong:&#10;Execution failed for task &apos;:app:compileReleaseKotlin&apos;.&#10;&gt; A failure occurred while executing org.jetbrains.kotlin.compilerRunner.GradleCompilerRunnerWithWorkers$GradleKotlinCompilerWorkAction&#10;   &gt; Compilation error. See log for more details&#10;&#10;* Try:&#10;&gt; Run with --stacktrace option to get the stack trace.&#10;&gt; Run with --info or --debug option to get more log output.&#10;&gt; Run with --scan to get full insights.&#10;&gt; Get more help at https://help.gradle.org.&#10;==============================================================================&#10;&#10;2: Task failed with an exception.&#10;-----------&#10;* What went wrong:&#10;Execution failed for task &apos;:app:compileDebugKotlin&apos;.&#10;&gt; A failure occurred while executing org.jetbrains.kotlin.compilerRunner.GradleCompilerRunnerWithWorkers$GradleKotlinCompilerWorkAction&#10;   &gt; Compilation error. See log for more details&#10;&#10;* Try:&#10;&gt; Run with --stacktrace option to get the stack trace.&#10;&gt; Run with --info or --debug option to get more log output.&#10;&gt; Run with --scan to get full insights.&#10;&gt; Get more help at https://help.gradle.org.&#10;==============================================================================&#10;&#10;BUILD FAILED in 47s&#10;35 actionable tasks: 26 executed, 9 up-to-date&#10;" />
        
      </testcase>
    
  </testsuite>
</testsuites>
